0 info it worked if it ends with ok
1 verbose cli [ '/Users/bramhg/Development/node-v0.10.26-darwin-x64/bin/node',
1 verbose cli   '/Users/bramhg/Development/node-v0.10.26-darwin-x64/bin/npm',
1 verbose cli   'publish' ]
2 info using npm@1.4.3
3 info using node@v0.10.26
4 verbose publish [ '.' ]
5 verbose cache add [ '.', null ]
6 verbose cache add name=undefined spec="." args=[".",null]
7 verbose parsed url { protocol: null,
7 verbose parsed url   slashes: null,
7 verbose parsed url   auth: null,
7 verbose parsed url   host: null,
7 verbose parsed url   port: null,
7 verbose parsed url   hostname: null,
7 verbose parsed url   hash: null,
7 verbose parsed url   search: null,
7 verbose parsed url   query: null,
7 verbose parsed url   pathname: '.',
7 verbose parsed url   path: '.',
7 verbose parsed url   href: '.' }
8 silly lockFile 3a52ce78- .
9 verbose lock . /Users/bramhg/.npm/3a52ce78-.lock
10 verbose tar pack [ '/var/folders/zl/bqh7qdmx0wx64grs0kykd3vw0000gn/T/npm-12148-bhwxQ5z7/1396899062841-0.28725708299316466/tmp.tgz',
10 verbose tar pack   '.' ]
11 verbose tarball /var/folders/zl/bqh7qdmx0wx64grs0kykd3vw0000gn/T/npm-12148-bhwxQ5z7/1396899062841-0.28725708299316466/tmp.tgz
12 verbose folder .
13 info prepublish digitalprivacynotice@0.2.0
14 silly lockFile 1f1177db-tar tar://.
15 verbose lock tar://. /Users/bramhg/.npm/1f1177db-tar.lock
16 silly lockFile a4998ff9-2841-0-28725708299316466-tmp-tgz tar:///var/folders/zl/bqh7qdmx0wx64grs0kykd3vw0000gn/T/npm-12148-bhwxQ5z7/1396899062841-0.28725708299316466/tmp.tgz
17 verbose lock tar:///var/folders/zl/bqh7qdmx0wx64grs0kykd3vw0000gn/T/npm-12148-bhwxQ5z7/1396899062841-0.28725708299316466/tmp.tgz /Users/bramhg/.npm/a4998ff9-2841-0-28725708299316466-tmp-tgz.lock
18 silly lockFile 1f1177db-tar tar://.
19 silly lockFile 1f1177db-tar tar://.
20 silly lockFile a4998ff9-2841-0-28725708299316466-tmp-tgz tar:///var/folders/zl/bqh7qdmx0wx64grs0kykd3vw0000gn/T/npm-12148-bhwxQ5z7/1396899062841-0.28725708299316466/tmp.tgz
21 silly lockFile a4998ff9-2841-0-28725708299316466-tmp-tgz tar:///var/folders/zl/bqh7qdmx0wx64grs0kykd3vw0000gn/T/npm-12148-bhwxQ5z7/1396899062841-0.28725708299316466/tmp.tgz
22 verbose tar unpack /var/folders/zl/bqh7qdmx0wx64grs0kykd3vw0000gn/T/npm-12148-bhwxQ5z7/1396899062841-0.28725708299316466/tmp.tgz
23 silly lockFile a5451d18-2841-0-28725708299316466-package tar:///var/folders/zl/bqh7qdmx0wx64grs0kykd3vw0000gn/T/npm-12148-bhwxQ5z7/1396899062841-0.28725708299316466/package
24 verbose lock tar:///var/folders/zl/bqh7qdmx0wx64grs0kykd3vw0000gn/T/npm-12148-bhwxQ5z7/1396899062841-0.28725708299316466/package /Users/bramhg/.npm/a5451d18-2841-0-28725708299316466-package.lock
25 silly lockFile a4998ff9-2841-0-28725708299316466-tmp-tgz tar:///var/folders/zl/bqh7qdmx0wx64grs0kykd3vw0000gn/T/npm-12148-bhwxQ5z7/1396899062841-0.28725708299316466/tmp.tgz
26 verbose lock tar:///var/folders/zl/bqh7qdmx0wx64grs0kykd3vw0000gn/T/npm-12148-bhwxQ5z7/1396899062841-0.28725708299316466/tmp.tgz /Users/bramhg/.npm/a4998ff9-2841-0-28725708299316466-tmp-tgz.lock
27 silly gunzTarPerm modes [ '755', '644' ]
28 silly gunzTarPerm extractEntry package.json
29 silly gunzTarPerm extractEntry README.md
30 silly gunzTarPerm extractEntry bin/digitalprivacynotice
31 silly gunzTarPerm extractEntry lib/digitalprivacynotice.js
32 silly gunzTarPerm extractEntry lib/config/Icon
33 silly gunzTarPerm extractEntry lib/config/privacyNoticeConfig.json
34 silly gunzTarPerm modified mode [ 'lib/config/privacyNoticeConfig.json', 384, 420 ]
35 silly gunzTarPerm extractEntry lib/html/onepage_hp_en.html
36 silly gunzTarPerm extractEntry lib/html/css/.Rhistory
37 silly gunzTarPerm extractEntry lib/html/css/boilerplate.css
38 silly gunzTarPerm extractEntry lib/html/css/bootstrap.min.css
39 silly gunzTarPerm extractEntry lib/html/css/bootstrap.min_onepage.css
40 silly gunzTarPerm extractEntry lib/html/css/fonts/modern.eot
41 silly gunzTarPerm extractEntry lib/html/css/fonts/modern.svg
42 silly gunzTarPerm extractEntry lib/html/css/fonts/modern.ttf
43 silly gunzTarPerm extractEntry lib/html/css/fonts/modern.woff
44 silly gunzTarPerm extractEntry lib/html/css/style.css
45 silly gunzTarPerm extractEntry lib/html/css/tabs.css
46 silly gunzTarPerm extractEntry lib/html/index.html
47 silly gunzTarPerm extractEntry lib/html/js/bootstrap.js
48 silly gunzTarPerm extractEntry lib/html/js/bootstrap.min.js
49 silly gunzTarPerm extractEntry lib/html/js/css3-mediaqueries.js
50 silly gunzTarPerm extractEntry lib/html/js/html5shiv-printshiv.js
51 silly gunzTarPerm extractEntry lib/html/js/html5shiv.js
52 silly gunzTarPerm extractEntry lib/html/js/library.js
53 silly gunzTarPerm extractEntry lib/html/js/respond.min.js
54 silly gunzTarPerm extractEntry lib/html/onepage_hc_en.html
55 silly gunzTarPerm extractEntry lib/html/onepage_hc_es.html
56 silly gunzTarPerm extractEntry lib/html/images/blue.png
57 silly gunzTarPerm extractEntry lib/html/images/green.png
58 silly gunzTarPerm extractEntry lib/html/images/orange.png
59 silly gunzTarPerm extractEntry lib/html/images/pdf.jpg
60 silly gunzTarPerm extractEntry lib/html/images/red.png
61 silly gunzTarPerm extractEntry lib/html/onepage_hp_es.html
62 silly gunzTarPerm extractEntry lib/html/tab_hc_en.html
63 silly gunzTarPerm extractEntry lib/html/tab_hc_es.html
64 silly gunzTarPerm extractEntry lib/html/tab_hp_en.html
65 silly gunzTarPerm extractEntry lib/html/tab_hp_es.html
66 silly gunzTarPerm extractEntry lib/instructions/hc/EN/InstructionA.txt
67 silly gunzTarPerm extractEntry lib/instructions/hc/EN/InstructionB.txt
68 silly gunzTarPerm extractEntry lib/instructions/hc/EN/InstructionC.txt
69 silly gunzTarPerm extractEntry lib/instructions/hc/EN/InstructionD.txt
70 silly gunzTarPerm extractEntry lib/instructions/hc/EN/InstructionE.txt
71 silly gunzTarPerm extractEntry lib/instructions/hc/EN/InstructionF.txt
72 silly gunzTarPerm extractEntry lib/instructions/hc/EN/InstructionG.txt
73 silly gunzTarPerm extractEntry lib/instructions/hc/EN/InstructionH.txt
74 silly gunzTarPerm extractEntry lib/instructions/hc/ES/InstructionA.txt
75 silly gunzTarPerm extractEntry lib/instructions/hc/ES/InstructionB.txt
76 silly gunzTarPerm extractEntry lib/instructions/hc/ES/InstructionC.txt
77 silly gunzTarPerm extractEntry lib/instructions/hc/ES/InstructionD.txt
78 silly gunzTarPerm extractEntry lib/instructions/hc/ES/InstructionE.txt
79 silly gunzTarPerm extractEntry lib/instructions/hc/ES/InstructionF.txt
80 silly gunzTarPerm extractEntry lib/instructions/hc/ES/InstructionG.txt
81 silly gunzTarPerm extractEntry lib/instructions/hc/ES/InstructionH.txt
82 silly gunzTarPerm extractEntry lib/instructions/hp/EN/InstructionA.txt
83 silly gunzTarPerm extractEntry lib/instructions/hp/EN/InstructionB.txt
84 silly gunzTarPerm extractEntry lib/instructions/hp/EN/InstructionC.txt
85 silly gunzTarPerm extractEntry lib/instructions/hp/EN/InstructionD.txt
86 silly gunzTarPerm extractEntry lib/instructions/hp/EN/InstructionE.txt
87 silly gunzTarPerm extractEntry lib/instructions/hp/EN/InstructionF.txt
88 silly gunzTarPerm extractEntry lib/instructions/hp/EN/InstructionG.txt
89 silly gunzTarPerm extractEntry lib/instructions/hp/EN/InstructionH.txt
90 silly gunzTarPerm extractEntry lib/instructions/hp/ES/InstructionA.txt
91 silly gunzTarPerm extractEntry lib/instructions/hp/ES/InstructionB.txt
92 silly gunzTarPerm extractEntry lib/instructions/hp/ES/InstructionC.txt
93 silly gunzTarPerm extractEntry lib/instructions/hp/ES/InstructionD.txt
94 silly gunzTarPerm extractEntry lib/instructions/hp/ES/InstructionE.txt
95 silly gunzTarPerm extractEntry lib/instructions/hp/ES/InstructionF.txt
96 silly gunzTarPerm extractEntry lib/instructions/hp/ES/InstructionG.txt
97 silly gunzTarPerm extractEntry lib/instructions/hp/ES/InstructionH.txt
98 silly lockFile a5451d18-2841-0-28725708299316466-package tar:///var/folders/zl/bqh7qdmx0wx64grs0kykd3vw0000gn/T/npm-12148-bhwxQ5z7/1396899062841-0.28725708299316466/package
99 silly lockFile a5451d18-2841-0-28725708299316466-package tar:///var/folders/zl/bqh7qdmx0wx64grs0kykd3vw0000gn/T/npm-12148-bhwxQ5z7/1396899062841-0.28725708299316466/package
100 silly lockFile a4998ff9-2841-0-28725708299316466-tmp-tgz tar:///var/folders/zl/bqh7qdmx0wx64grs0kykd3vw0000gn/T/npm-12148-bhwxQ5z7/1396899062841-0.28725708299316466/tmp.tgz
101 silly lockFile a4998ff9-2841-0-28725708299316466-tmp-tgz tar:///var/folders/zl/bqh7qdmx0wx64grs0kykd3vw0000gn/T/npm-12148-bhwxQ5z7/1396899062841-0.28725708299316466/tmp.tgz
102 verbose tar pack [ '/Users/bramhg/.npm/digitalprivacynotice/0.2.0/package.tgz',
102 verbose tar pack   '/var/folders/zl/bqh7qdmx0wx64grs0kykd3vw0000gn/T/npm-12148-bhwxQ5z7/1396899062841-0.28725708299316466/package' ]
103 verbose tarball /Users/bramhg/.npm/digitalprivacynotice/0.2.0/package.tgz
104 verbose folder /var/folders/zl/bqh7qdmx0wx64grs0kykd3vw0000gn/T/npm-12148-bhwxQ5z7/1396899062841-0.28725708299316466/package
105 silly lockFile a5451d18-2841-0-28725708299316466-package tar:///var/folders/zl/bqh7qdmx0wx64grs0kykd3vw0000gn/T/npm-12148-bhwxQ5z7/1396899062841-0.28725708299316466/package
106 verbose lock tar:///var/folders/zl/bqh7qdmx0wx64grs0kykd3vw0000gn/T/npm-12148-bhwxQ5z7/1396899062841-0.28725708299316466/package /Users/bramhg/.npm/a5451d18-2841-0-28725708299316466-package.lock
107 silly lockFile 0d50730e-lprivacynotice-0-2-0-package-tgz tar:///Users/bramhg/.npm/digitalprivacynotice/0.2.0/package.tgz
108 verbose lock tar:///Users/bramhg/.npm/digitalprivacynotice/0.2.0/package.tgz /Users/bramhg/.npm/0d50730e-lprivacynotice-0-2-0-package-tgz.lock
109 silly lockFile a5451d18-2841-0-28725708299316466-package tar:///var/folders/zl/bqh7qdmx0wx64grs0kykd3vw0000gn/T/npm-12148-bhwxQ5z7/1396899062841-0.28725708299316466/package
110 silly lockFile a5451d18-2841-0-28725708299316466-package tar:///var/folders/zl/bqh7qdmx0wx64grs0kykd3vw0000gn/T/npm-12148-bhwxQ5z7/1396899062841-0.28725708299316466/package
111 silly lockFile 0d50730e-lprivacynotice-0-2-0-package-tgz tar:///Users/bramhg/.npm/digitalprivacynotice/0.2.0/package.tgz
112 silly lockFile 0d50730e-lprivacynotice-0-2-0-package-tgz tar:///Users/bramhg/.npm/digitalprivacynotice/0.2.0/package.tgz
113 silly lockFile dc89099e-gitalprivacynotice-0-2-0-package /Users/bramhg/.npm/digitalprivacynotice/0.2.0/package
114 verbose lock /Users/bramhg/.npm/digitalprivacynotice/0.2.0/package /Users/bramhg/.npm/dc89099e-gitalprivacynotice-0-2-0-package.lock
115 silly lockFile dc89099e-gitalprivacynotice-0-2-0-package /Users/bramhg/.npm/digitalprivacynotice/0.2.0/package
116 silly lockFile dc89099e-gitalprivacynotice-0-2-0-package /Users/bramhg/.npm/digitalprivacynotice/0.2.0/package
117 verbose tar unpack /Users/bramhg/.npm/digitalprivacynotice/0.2.0/package.tgz
118 silly lockFile 065b9de3-gitalprivacynotice-0-2-0-package tar:///Users/bramhg/.npm/digitalprivacynotice/0.2.0/package
119 verbose lock tar:///Users/bramhg/.npm/digitalprivacynotice/0.2.0/package /Users/bramhg/.npm/065b9de3-gitalprivacynotice-0-2-0-package.lock
120 silly lockFile 0d50730e-lprivacynotice-0-2-0-package-tgz tar:///Users/bramhg/.npm/digitalprivacynotice/0.2.0/package.tgz
121 verbose lock tar:///Users/bramhg/.npm/digitalprivacynotice/0.2.0/package.tgz /Users/bramhg/.npm/0d50730e-lprivacynotice-0-2-0-package-tgz.lock
122 silly gunzTarPerm modes [ '755', '644' ]
123 silly gunzTarPerm extractEntry package.json
124 silly gunzTarPerm extractEntry README.md
125 silly gunzTarPerm extractEntry bin/digitalprivacynotice
126 silly gunzTarPerm extractEntry lib/digitalprivacynotice.js
127 silly gunzTarPerm extractEntry lib/config/Icon
128 silly gunzTarPerm extractEntry lib/config/privacyNoticeConfig.json
129 silly gunzTarPerm extractEntry lib/html/onepage_hp_en.html
130 silly gunzTarPerm extractEntry lib/html/css/.Rhistory
131 silly gunzTarPerm extractEntry lib/html/css/boilerplate.css
132 silly gunzTarPerm extractEntry lib/html/css/bootstrap.min.css
133 silly gunzTarPerm extractEntry lib/html/css/bootstrap.min_onepage.css
134 silly gunzTarPerm extractEntry lib/html/css/fonts/modern.eot
135 silly gunzTarPerm extractEntry lib/html/css/fonts/modern.svg
136 silly gunzTarPerm extractEntry lib/html/css/fonts/modern.ttf
137 silly gunzTarPerm extractEntry lib/html/css/fonts/modern.woff
138 silly gunzTarPerm extractEntry lib/html/css/style.css
139 silly gunzTarPerm extractEntry lib/html/css/tabs.css
140 silly gunzTarPerm extractEntry lib/html/index.html
141 silly gunzTarPerm extractEntry lib/html/js/bootstrap.js
142 silly gunzTarPerm extractEntry lib/html/js/bootstrap.min.js
143 silly gunzTarPerm extractEntry lib/html/js/css3-mediaqueries.js
144 silly gunzTarPerm extractEntry lib/html/js/html5shiv-printshiv.js
145 silly gunzTarPerm extractEntry lib/html/js/html5shiv.js
146 silly gunzTarPerm extractEntry lib/html/js/library.js
147 silly gunzTarPerm extractEntry lib/html/js/respond.min.js
148 silly gunzTarPerm extractEntry lib/html/onepage_hc_en.html
149 silly gunzTarPerm extractEntry lib/html/onepage_hc_es.html
150 silly gunzTarPerm extractEntry lib/html/images/blue.png
151 silly gunzTarPerm extractEntry lib/html/images/green.png
152 silly gunzTarPerm extractEntry lib/html/images/orange.png
153 silly gunzTarPerm extractEntry lib/html/images/pdf.jpg
154 silly gunzTarPerm extractEntry lib/html/images/red.png
155 silly gunzTarPerm extractEntry lib/html/onepage_hp_es.html
156 silly gunzTarPerm extractEntry lib/html/tab_hc_en.html
157 silly gunzTarPerm extractEntry lib/html/tab_hc_es.html
158 silly gunzTarPerm extractEntry lib/html/tab_hp_en.html
159 silly gunzTarPerm extractEntry lib/html/tab_hp_es.html
160 silly gunzTarPerm extractEntry lib/instructions/hc/EN/InstructionA.txt
161 silly gunzTarPerm extractEntry lib/instructions/hc/EN/InstructionB.txt
162 silly gunzTarPerm extractEntry lib/instructions/hc/EN/InstructionC.txt
163 silly gunzTarPerm extractEntry lib/instructions/hc/EN/InstructionD.txt
164 silly gunzTarPerm extractEntry lib/instructions/hc/EN/InstructionE.txt
165 silly gunzTarPerm extractEntry lib/instructions/hc/EN/InstructionF.txt
166 silly gunzTarPerm extractEntry lib/instructions/hc/EN/InstructionG.txt
167 silly gunzTarPerm extractEntry lib/instructions/hc/EN/InstructionH.txt
168 silly gunzTarPerm extractEntry lib/instructions/hc/ES/InstructionA.txt
169 silly gunzTarPerm extractEntry lib/instructions/hc/ES/InstructionB.txt
170 silly gunzTarPerm extractEntry lib/instructions/hc/ES/InstructionC.txt
171 silly gunzTarPerm extractEntry lib/instructions/hc/ES/InstructionD.txt
172 silly gunzTarPerm extractEntry lib/instructions/hc/ES/InstructionE.txt
173 silly gunzTarPerm extractEntry lib/instructions/hc/ES/InstructionF.txt
174 silly gunzTarPerm extractEntry lib/instructions/hc/ES/InstructionG.txt
175 silly gunzTarPerm extractEntry lib/instructions/hc/ES/InstructionH.txt
176 silly gunzTarPerm extractEntry lib/instructions/hp/EN/InstructionA.txt
177 silly gunzTarPerm extractEntry lib/instructions/hp/EN/InstructionB.txt
178 silly gunzTarPerm extractEntry lib/instructions/hp/EN/InstructionC.txt
179 silly gunzTarPerm extractEntry lib/instructions/hp/EN/InstructionD.txt
180 silly gunzTarPerm extractEntry lib/instructions/hp/EN/InstructionE.txt
181 silly gunzTarPerm extractEntry lib/instructions/hp/EN/InstructionF.txt
182 silly gunzTarPerm extractEntry lib/instructions/hp/EN/InstructionG.txt
183 silly gunzTarPerm extractEntry lib/instructions/hp/EN/InstructionH.txt
184 silly gunzTarPerm extractEntry lib/instructions/hp/ES/InstructionA.txt
185 silly gunzTarPerm extractEntry lib/instructions/hp/ES/InstructionB.txt
186 silly gunzTarPerm extractEntry lib/instructions/hp/ES/InstructionC.txt
187 silly gunzTarPerm extractEntry lib/instructions/hp/ES/InstructionD.txt
188 silly gunzTarPerm extractEntry lib/instructions/hp/ES/InstructionE.txt
189 silly gunzTarPerm extractEntry lib/instructions/hp/ES/InstructionF.txt
190 silly gunzTarPerm extractEntry lib/instructions/hp/ES/InstructionG.txt
191 silly gunzTarPerm extractEntry lib/instructions/hp/ES/InstructionH.txt
192 silly lockFile 065b9de3-gitalprivacynotice-0-2-0-package tar:///Users/bramhg/.npm/digitalprivacynotice/0.2.0/package
193 silly lockFile 065b9de3-gitalprivacynotice-0-2-0-package tar:///Users/bramhg/.npm/digitalprivacynotice/0.2.0/package
194 silly lockFile 0d50730e-lprivacynotice-0-2-0-package-tgz tar:///Users/bramhg/.npm/digitalprivacynotice/0.2.0/package.tgz
195 silly lockFile 0d50730e-lprivacynotice-0-2-0-package-tgz tar:///Users/bramhg/.npm/digitalprivacynotice/0.2.0/package.tgz
196 verbose chmod /Users/bramhg/.npm/digitalprivacynotice/0.2.0/package.tgz 644
197 verbose chown /Users/bramhg/.npm/digitalprivacynotice/0.2.0/package.tgz [ 501, 20 ]
198 silly lockFile 3a52ce78- .
199 silly lockFile 3a52ce78- .
200 silly publish { author: { name: 'Bramh Gupta, SRB Technologies, www.srbtech.com' },
200 silly publish   name: 'digitalprivacynotice',
200 silly publish   description: 'Digital Privacy Notice based on model notices of privacy practices (NPP) available at http://www.hhs.gov/ocr/privacy/hipaa/modelnotices.html',
200 silly publish   version: '0.2.0',
200 silly publish   repository:
200 silly publish    { type: 'git',
200 silly publish      url: 'https://github.com/srbtech/digitalprivacynotice.git' },
200 silly publish   main: './lib/digitalprivacynotice',
200 silly publish   keywords:
200 silly publish    [ 'HIPPA Privacy Policy',
200 silly publish      'Digital Privacy notices',
200 silly publish      'NPP',
200 silly publish      'ONC IT Challange' ],
200 silly publish   bin: { digitalprivacynotice: './bin/digitalprivacynotice' },
200 silly publish   dependencies: { locale: '*' },
200 silly publish   engines: { node: '*' },
200 silly publish   readme: 'digitalprivacynotice --- Online digital privacy notice based on joint ONC/OCR model NPP project content\n=======================================================================================================\n# SYNOPSIS\n\nThis node.js module provides a standardized online notice of Privacy Practice. The HIPAA Privacy Rule gives individuals a fundamental right to be informed of the privacy practices of health plans and health care providers, as well as to be informed of their privacy rights with respect to their personal health information. Health plans and covered health care providers are required to develop and distribute a notice that provides a clear, user friendly explanation of these rights and practices.\n\nThe Office of the National Coordinator for Health Information Technology (ONC) has developed model notices of privacy practices (NPP) that clearly convey the required information to patients in an accessible format. These model notices can be customized by covered entities (doctors, hospitals and other health care providers covered by HIPAA who maintain patient data, health plans) and then printed for office display and distributed to patients.\n\nThis program provides these an on-line version of the above mentioned model notices of privacy practices (NPP) that can be integrated by existing web sites of Health Care and Health Plan providers.\n\n# System Requirements\nThis node.js module requires server side deployment.\n\n## Server side software Required\n1. node.js - can be downloaded and installed from http://nodejs.org\n2. npm (Node Package Manager) - can be downloaded and installedfrom https://www.npmjs.org\n\n## Server side operating system\nAll the server side operating systems that are supported by base node.js are supported by digitalprivacy notice module. Following is the list of supported server operating systems-\n\n1. Windows, 32-bit, 64-bit\n2. Mac OS X 32 bit, 64-bit\n3. Linux 32-bit, 64 bit\n4. SunOS 32-bit, 64-bit\n\n## List of Supported Browsers (for client side/ end user or patient )\n### Internet Explorer \nSupported IE versions are :\n1. Internet Explorer 11\n2. Internet Explorer 10\n3. Internet Explorer 9\n4. Internet Explorer 8\n5. Internet Explorer 7 (No support for tab view. Supports alternate scrollable page view.)\n6. Internet Explorer 6 (No support for tab view. Support alternate scrollable page view.)\n\nOlder versions of Internet Explorer IE 6 & IE 7 does not support the default \'tab\' view of the Digital Privacy Notice. The health care and health plan provider whose web sites support IE 6 &  IE 7 can optionally switch down to \' scrollable page\' view. The instructions to force \'scrollable page\' view is given under section Usage instruction.\n\n### Mozilla Firefox\nFirefox version 3 and above.\n\n### Google Chrome\nGoogle Chrome version 14 and above.\n\n### Apple Safari browser\nSafari version 4 and above.\n\n### Opera Browser\nOpera version 10 and above.\n\n# Installation Instructions\nThis software is packaged as node.js module. Following steps should be followed for installing this module.\n\n1. Meet server side operating system requirements for node.js\n2. Install node.js and npm \n\nRefer to section to [Server side operating system][] and [Server side software Required][]. \n\ndigitalprivacynotice node.js module (this application) can be installed using npm - node package manager. It is available at [digitalprivacynotice module on npm] (https://www.npmjs.org/package/digitalprivacynotice).\n\n3. Install digitalprivacynotice module using npm install\n\nFor global install on the server\n\n`npm -g install digitalprivacynotice`\n\nFor local install in the current user directory\n\n`npm install digitalprivacynotice`\n\nThis module is installed as a folder \'digitalprivacynotice\' under \n\'node_modules\'.\n\n# Usage Instructions\n## Server side invocation\nThis module can be invoked as \n\n`digitalprivacynotice <port> <provider type: -hc or -hp> -p <language: -en or -es> `\n\t\nThis module has following **mandatory** parameters:\n\r\n* port : allows binding the application to a specific server port\r\n* Provider type : allows the provider organization to chose which of the online notice should be served based on its own identity\r\n\n**Optional parameters:**\n\r\n* -p : **By default the rendered view is tabbed view.** \r\n\t* If ‘–p’ option is **not** provided, default tabbed view is presented\r\n\t* If ‘-p’ option is provided, then single page scrollable view of online \tprivacy notice is presented\r\n* Language : **if this optional parameter is provided Only** one of two ‘–en’, ‘-en’ should be provided\r\n\t* If this parameter is not provided, then the \tlanguage of the online privacy notice to be served is chosen at runtime based on language setting of the patient web browser\r\n\t* If ‘-en’ option is provided, the online privacy notice is served in \tEnglish, irrespective of browser setting of the patient.\r\n\t* If ‘-es’ option is provided, the online privacy notice is served in \tSpanish, irrespective of browser setting of the patient.\n\t\n## Content customization by Health Care or Health Plan provider entities\nHealth Care or Health Plan provider entities can customize the content in the model notice of the privacy practices (NPP) by updating a set of text files in the digitalprivacynotice installled directory.\n\n* The module supports easy customization of content by simple update of plain text files. You can optionally add HTML tags to provide pagebreaks and styling.\n* This module support provider specific instruction in English and Spanish\n* Provider enties can leave the files emply if they do not want to provide specific instructions. **DO NOT DELETE ANY OF THE INSTRUCTION TEXT FILES.**\n\nThe path of the instruction files is under installed folder **\'node_modules/digitalprivacynotice\' at \'node_modules/digitalprivacynotice/lib/instructions\'**.\nThere are two set of folder under \'node_modules/digitalprivacynotice/lib/instructions\'-\n1. EN - contains set of text files for instructions A to H in English\n2. ES - - contains set of text files for instructions A to H in Spanish\n\nFollowing set of files exists under each of the above folders  ( EN and ES)for instruction A to H in respective language.\n\n1. InstructionA.txt\n2. InstructionB.txt\n3. InstructionC.txt\n4. InstructionD.txt\n5. InstructionE.txt\n6. InstructionF.txt\n7. InstructionG.txt\n8. InstructionH.txt\n\n\r\n## Access of the digital privacy notice by patient\nThe provider entity ( Health Care or Health Plan provider) can link the digitalprivacynotice node.js module running on the server as a URL resource in thier existing web sites. For example , if the digitalprivacynotice is running on port 8080 on server named \'myserver\' then the link to be embedded will `http://myserver:8080`.  The patient cosumes the model notices of privacy practice by browsing these links.\n\nThe provider has multiple options of invoking digitalprivacynotice module on the hosting server to fit its needs of the existing websites, its website system requirements and the patient population served by it. These various options are mentioned in the section [Server side invocation] []. Below is an exhaustive list of **example** of of all possible combinations of available options while operating digitalprivacynotice module.\n\n* Running digitalprivacynotice service on port 8811 for **Health Care provider** entity with default tab view and browser dependendent choice of langauage.\n\n\t`digitalprivacynotice 8811 -hc `\n\t\n* Running digitalprivacynotice service on port 8812 for **Health Care provider** entity with default tab view and forced language choice of English by provider.\t\n\n\t`digitalprivacynotice 8812 -hc -en `\n\t\t\n* Running digitalprivacynotice service on port 8813 for **Health Care provider** entity with default tab view and forced language choice of Spanish by provider.\n\n\t`digitalprivacynotice 8813 -hc -es `\n\t\t\n* Running digitalprivacynotice service on port 8814 for **Health Care provider** entity with scrollable page view and browser dependendent choice of langauage.\n\n\t`digitalprivacynotice 8814 -hc -p `\n\t\n* Running digitalprivacynotice service on port 8815 for **Health Care provider** entity with scrollable page view and forced language choice of English by provider.\t\n\t\n\t`nohup digitalprivacynotice 8815 -hc -p -en `\n\n* Running digitalprivacynotice service on port 8816 for **Health Care provider** entity with scrollable page view and forced language choice of Spanish by provider.\t\n\n\t`nohup digitalprivacynotice 8816 -hc -p -es `\n\t\n* Running digitalprivacynotice service on port 8817 for **Health Plan provider** entity with default tab view and browser dependendent choice of langauage.\n\n\t`nohup digitalprivacynotice 8817 -hp `\n\n* Running digitalprivacynotice service on port 8818 for **Health Plan provider** entity with default tab view and forced language choice of English by provider.\n\t\n\t`nohup digitalprivacynotice 8818 -hp -en `\n\t\n* Running digitalprivacynotice service on port 8819 for **Health Plan provider** entity with default tab view and forced language choice of Spanish by provider.\t\n\n\t`nohup digitalprivacynotice 8819 -hp -es `\n\n* Running digitalprivacynotice service on port 8820 for **Health Plan provider** entity with scrollable page view and browser dependendent choice of langauage.\n\n\t`nohup digitalprivacynotice 8820 -hp -p `\n\t\n* Running digitalprivacynotice service on port 8821 for **Health Plan provider** entity with scrollable page view and forced language choice of English by provider.\t\n\n\t`nohup digitalprivacynotice 8821 -hp -p -en `\n\n* Running digitalprivacynotice service on port 8822 for **Health Plan provider** entity with scrollable page view and forced language choice of Spanish by provider.\n\n\t`nohup digitalprivacynotice 8822 -hp -p -es `\n\n \n',
200 silly publish   readmeFilename: 'README.md',
200 silly publish   bugs: { url: 'https://github.com/srbtech/digitalprivacynotice/issues' },
200 silly publish   homepage: 'https://github.com/srbtech/digitalprivacynotice',
200 silly publish   _id: 'digitalprivacynotice@0.2.0',
200 silly publish   dist: { shasum: '880b1480a7d84dbe805b3fbfef549c120fb52f07' },
200 silly publish   _from: '.' }
201 verbose url raw digitalprivacynotice
202 verbose url resolving [ 'https://registry.npmjs.org/', './digitalprivacynotice' ]
203 verbose url resolved https://registry.npmjs.org/digitalprivacynotice
204 info trying registry request attempt 1 at 15:31:03
205 http PUT https://registry.npmjs.org/digitalprivacynotice
206 http 403 https://registry.npmjs.org/digitalprivacynotice
207 error publish Failed PUT 403
208 error Error: forbidden cannot modify pre-existing version: 0.2.0
208 error old={"author":{"name":"Bramh Gupta, SRB Technologies, www.srbtech.com"},"name":"digitalprivacynotice","description":"Digital Privacy Notice based on model notices of privacy practices (NPP) available at http://www.hhs.gov/ocr/privacy/hipaa/modelnotices.html","version":"0.2.0","repository":{"url":""},"main":"./lib/digitalprivacynotice","keywords":["HIPPA Privacy Policy","Digital Privacy notices","NPP","ONC IT Challange"],"bin":{"digitalprivacynotice":"./bin/digitalprivacynotice"},"dependencies":{"locale":"*"},"engines":{"node":"*"},"_id":"digitalprivacynotice@0.2.0","dist":{"shasum":"ca428fae908bc0c3dd97f5c4695b5695408478ba","tarball":"http://registry.npmjs.org/digitalprivacynotice/-/digitalprivacynotice-0.2.0.tgz"},"_from":".","_npmVersion":"1.4.3","_npmUser":{"name":"bramh.gupta","email":"bramh.gupta@srbtech.com"},"maintainers":[{"name":"bramh.gupta","email":"bramh.gupta@srbtech.com"}]}
208 error new={"author":{"name":"Bramh Gupta, SRB Technologies, www.srbtech.com"},"name":"digitalprivacynotice","description":"Digital Privacy Notice based on model notices of privacy practices (NPP) available at http://www.hhs.gov/ocr/privacy/hipaa/modelnotices.html","version":"0.2.0","repository":{"type":"git","url":"https://github.com/srbtech/digitalprivacynotice.git"},"main":"./lib/digitalprivacynotice","keywords":["HIPPA Privacy Policy","Digital Privacy notices","NPP","ONC IT Challange"],"bin":{"digitalprivacynotice":"./bin/digitalprivacynotice"},"dependencies":{"locale":"*"},"engines":{"node":"*"},"readme":"digitalprivacynotice --- Online digital privacy notice based on joint ONC/OCR model NPP project content\u000a=======================================================================================================\u000a# SYNOPSIS\u000a\u000aThis node.js module provides a standardized online notice of Privacy Practice. The HIPAA Privacy Rule gives individuals a fundamental right to be informed of the privacy practices of health plans and health care providers, as well as to be informed of their privacy rights with respect to their personal health information. Health plans and covered health care providers are required to develop and distribute a notice that provides a clear, user friendly explanation of these rights and practices.\u000a\u000aThe Office of the National Coordinator for Health Information Technology (ONC) has developed model notices of privacy practices (NPP) that clearly convey the required information to patients in an accessible format. These model notices can be customized by covered entities (doctors, hospitals and other health care providers covered by HIPAA who maintain patient data, health plans) and then printed for office display and distributed to patients.\u000a\u000aThis program provides these an on-line version of the above mentioned model notices of privacy practices (NPP) that can be integrated by existing web sites of Health Care and Health Plan providers.\u000a\u000a# System Requirements\u000aThis node.js module requires server side deployment.\u000a\u000a## Server side software Required\u000a1. node.js - can be downloaded and installed from http://nodejs.org\u000a2. npm (Node Package Manager) - can be downloaded and installedfrom https://www.npmjs.org\u000a\u000a## Server side operating system\u000aAll the server side operating systems that are supported by base node.js are supported by digitalprivacy notice module. Following is the list of supported server operating systems-\u000a\u000a1. Windows, 32-bit, 64-bit\u000a2. Mac OS X 32 bit, 64-bit\u000a3. Linux 32-bit, 64 bit\u000a4. SunOS 32-bit, 64-bit\u000a\u000a## List of Supported Browsers (for client side/ end user or patient )\u000a### Internet Explorer \u000aSupported IE versions are :\u000a1. Internet Explorer 11\u000a2. Internet Explorer 10\u000a3. Internet Explorer 9\u000a4. Internet Explorer 8\u000a5. Internet Explorer 7 (No support for tab view. Supports alternate scrollable page view.)\u000a6. Internet Explorer 6 (No support for tab view. Support alternate scrollable page view.)\u000a\u000aOlder versions of Internet Explorer IE 6 & IE 7 does not support the default 'tab' view of the Digital Privacy Notice. The health care and health plan provider whose web sites support IE 6 &  IE 7 can optionally switch down to ' scrollable page' view. The instructions to force 'scrollable page' view is given under section Usage instruction.\u000a\u000a### Mozilla Firefox\u000aFirefox version 3 and above.\u000a\u000a### Google Chrome\u000aGoogle Chrome version 14 and above.\u000a\u000a### Apple Safari browser\u000aSafari version 4 and above.\u000a\u000a### Opera Browser\u000aOpera version 10 and above.\u000a\u000a# Installation Instructions\u000aThis software is packaged as node.js module. Following steps should be followed for installing this module.\u000a\u000a1. Meet server side operating system requirements for node.js\u000a2. Install node.js and npm \u000a\u000aRefer to section to [Server side operating system][] and [Server side software Required][]. \u000a\u000adigitalprivacynotice node.js module (this application) can be installed using npm - node package manager. It is available at [digitalprivacynotice module on npm] (https://www.npmjs.org/package/digitalprivacynotice).\u000a\u000a3. Install digitalprivacynotice module using npm install\u000a\u000aFor global install on the server\u000a\u000a`npm -g install digitalprivacynotice`\u000a\u000aFor local install in the current user directory\u000a\u000a`npm install digitalprivacynotice`\u000a\u000aThis module is installed as a folder 'digitalprivacynotice' under \u000a'node_modules'.\u000a\u000a# Usage Instructions\u000a## Server side invocation\u000aThis module can be invoked as \u000a\u000a`digitalprivacynotice <port> <provider type: -hc or -hp> -p <language: -en or -es> `\u000a\u0009\u000aThis module has following **mandatory** parameters:\u000a\u000d\u000a* port : allows binding the application to a specific server port\u000d\u000a* Provider type : allows the provider organization to chose which of the online notice should be served based on its own identity\u000d\u000a\u000a**Optional parameters:**\u000a\u000d\u000a* -p : **By default the rendered view is tabbed view.** \u000d\u000a\u0009* If ‘–p’ option is **not** provided, default tabbed view is presented\u000d\u000a\u0009* If ‘-p’ option is provided, then single page scrollable view of online \u0009privacy notice is presented\u000d\u000a* Language : **if this optional parameter is provided Only** one of two ‘–en’, ‘-en’ should be provided\u000d\u000a\u0009* If this parameter is not provided, then the \u0009language of the online privacy notice to be served is chosen at runtime based on language setting of the patient web browser\u000d\u000a\u0009* If ‘-en’ option is provided, the online privacy notice is served in \u0009English, irrespective of browser setting of the patient.\u000d\u000a\u0009* If ‘-es’ option is provided, the online privacy notice is served in \u0009Spanish, irrespective of browser setting of the patient.\u000a\u0009\u000a## Content customization by Health Care or Health Plan provider entities\u000aHealth Care or Health Plan provider entities can customize the content in the model notice of the privacy practices (NPP) by updating a set of text files in the digitalprivacynotice installled directory.\u000a\u000a* The module supports easy customization of content by simple update of plain text files. You can optionally add HTML tags to provide pagebreaks and styling.\u000a* This module support provider specific instruction in English and Spanish\u000a* Provider enties can leave the files emply if they do not want to provide specific instructions. **DO NOT DELETE ANY OF THE INSTRUCTION TEXT FILES.**\u000a\u000aThe path of the instruction files is under installed folder **'node_modules/digitalprivacynotice' at 'node_modules/digitalprivacynotice/lib/instructions'**.\u000aThere are two set of folder under 'node_modules/digitalprivacynotice/lib/instructions'-\u000a1. EN - contains set of text files for instructions A to H in English\u000a2. ES - - contains set of text files for instructions A to H in Spanish\u000a\u000aFollowing set of files exists under each of the above folders  ( EN and ES)for instruction A to H in respective language.\u000a\u000a1. InstructionA.txt\u000a2. InstructionB.txt\u000a3. InstructionC.txt\u000a4. InstructionD.txt\u000a5. InstructionE.txt\u000a6. InstructionF.txt\u000a7. InstructionG.txt\u000a8. InstructionH.txt\u000a\u000a\u000d\u000a## Access of the digital privacy notice by patient\u000aThe provider entity ( Health Care or Health Plan provider) can link the digitalprivacynotice node.js module running on the server as a URL resource in thier existing web sites. For example , if the digitalprivacynotice is running on port 8080 on server named 'myserver' then the link to be embedded will `http://myserver:8080`.  The patient cosumes the model notices of privacy practice by browsing these links.\u000a\u000aThe provider has multiple options of invoking digitalprivacynotice module on the hosting server to fit its needs of the existing websites, its website system requirements and the patient population served by it. These various options are mentioned in the section [Server side invocation] []. Below is an exhaustive list of **example** of of all possible combinations of available options while operating digitalprivacynotice module.\u000a\u000a* Running digitalprivacynotice service on port 8811 for **Health Care provider** entity with default tab view and browser dependendent choice of langauage.\u000a\u000a\u0009`digitalprivacynotice 8811 -hc `\u000a\u0009\u000a* Running digitalprivacynotice service on port 8812 for **Health Care provider** entity with default tab view and forced language choice of English by provider.\u0009\u000a\u000a\u0009`digitalprivacynotice 8812 -hc -en `\u000a\u0009\u0009\u000a* Running digitalprivacynotice service on port 8813 for **Health Care provider** entity with default tab view and forced language choice of Spanish by provider.\u000a\u000a\u0009`digitalprivacynotice 8813 -hc -es `\u000a\u0009\u0009\u000a* Running digitalprivacynotice service on port 8814 for **Health Care provider** entity with scrollable page view and browser dependendent choice of langauage.\u000a\u000a\u0009`digitalprivacynotice 8814 -hc -p `\u000a\u0009\u000a* Running digitalprivacynotice service on port 8815 for **Health Care provider** entity with scrollable page view and forced language choice of English by provider.\u0009\u000a\u0009\u000a\u0009`nohup digitalprivacynotice 8815 -hc -p -en `\u000a\u000a* Running digitalprivacynotice service on port 8816 for **Health Care provider** entity with scrollable page view and forced language choice of Spanish by provider.\u0009\u000a\u000a\u0009`nohup digitalprivacynotice 8816 -hc -p -es `\u000a\u0009\u000a* Running digitalprivacynotice service on port 8817 for **Health Plan provider** entity with default tab view and browser dependendent choice of langauage.\u000a\u000a\u0009`nohup digitalprivacynotice 8817 -hp `\u000a\u000a* Running digitalprivacynotice service on port 8818 for **Health Plan provider** entity with default tab view and forced language choice of English by provider.\u000a\u0009\u000a\u0009`nohup digitalprivacynotice 8818 -hp -en `\u000a\u0009\u000a* Running digitalprivacynotice service on port 8819 for **Health Plan provider** entity with default tab view and forced language choice of Spanish by provider.\u0009\u000a\u000a\u0009`nohup digitalprivacynotice 8819 -hp -es `\u000a\u000a* Running digitalprivacynotice service on port 8820 for **Health Plan provider** entity with scrollable page view and browser dependendent choice of langauage.\u000a\u000a\u0009`nohup digitalprivacynotice 8820 -hp -p `\u000a\u0009\u000a* Running digitalprivacynotice service on port 8821 for **Health Plan provider** entity with scrollable page view and forced language choice of English by provider.\u0009\u000a\u000a\u0009`nohup digitalprivacynotice 8821 -hp -p -en `\u000a\u000a* Running digitalprivacynotice service on port 8822 for **Health Plan provider** entity with scrollable page view and forced language choice of Spanish by provider.\u000a\u000a\u0009`nohup digitalprivacynotice 8822 -hp -p -es `\u000a\u000a \u000a","readmeFilename":"README.md","bugs":{"url":"https://github.com/srbtech/digitalprivacynotice/issues"},"homepage":"https://github.com/srbtech/digitalprivacynotice","_id":"digitalprivacynotice@0.2.0","dist":{"shasum":"880b1480a7d84dbe805b3fbfef549c120fb52f07","tarball":"http://registry.npmjs.org/digitalprivacynotice/-/digitalprivacynotice-0.2.0.tgz"},"_from":".","_npmVersion":"1.4.3","_npmUser":{"name":"bramh.gupta","email":"bramh.gupta@srbtech.com"},"maintainers":[{"name":"bramh.gupta","email":"bramh.gupta@srbtech.com"}]}: digitalprivacynotice
208 error     at RegClient.<anonymous> (/Users/bramhg/Development/node-v0.10.26-darwin-x64/lib/node_modules/npm/node_modules/npm-registry-client/lib/request.js:237:14)
208 error     at Request.self.callback (/Users/bramhg/Development/node-v0.10.26-darwin-x64/lib/node_modules/npm/node_modules/request/request.js:123:22)
208 error     at Request.EventEmitter.emit (events.js:98:17)
208 error     at Request.<anonymous> (/Users/bramhg/Development/node-v0.10.26-darwin-x64/lib/node_modules/npm/node_modules/request/request.js:893:14)
208 error     at Request.EventEmitter.emit (events.js:117:20)
208 error     at IncomingMessage.<anonymous> (/Users/bramhg/Development/node-v0.10.26-darwin-x64/lib/node_modules/npm/node_modules/request/request.js:844:12)
208 error     at IncomingMessage.EventEmitter.emit (events.js:117:20)
208 error     at _stream_readable.js:920:16
208 error     at process._tickCallback (node.js:415:13)
209 error If you need help, you may report this *entire* log,
209 error including the npm and node versions, at:
209 error     <http://github.com/npm/npm/issues>
210 error System Darwin 13.1.0
211 error command "/Users/bramhg/Development/node-v0.10.26-darwin-x64/bin/node" "/Users/bramhg/Development/node-v0.10.26-darwin-x64/bin/npm" "publish"
212 error cwd /Users/bramhg/Development/digitalprivacynotice
213 error node -v v0.10.26
214 error npm -v 1.4.3
215 verbose exit [ 1, true ]
